2020-10-14 19:37:34,574 INFO werkzeug MainThread :  * Running on http://127.0.0.1:5000/ (Press CTRL+C to quit) datefmt=
2020-10-14 19:37:34,575 INFO werkzeug MainThread :  * Restarting with stat datefmt=
2020-10-14 19:37:34,743 WARNING werkzeug MainThread :  * Debugger is active! datefmt=
2020-10-14 19:37:34,743 INFO werkzeug MainThread :  * Debugger PIN: 112-419-750 datefmt=
2020-10-14 19:37:36,453 INFO werkzeug Thread-3 : 127.0.0.1 - - [14/Oct/2020 19:37:36] "[37mGET /techniques/ HTTP/1.1[0m" 200 - datefmt=
2020-10-14 19:37:36,573 INFO werkzeug Thread-4 : 127.0.0.1 - - [14/Oct/2020 19:37:36] "[37mGET /static/danhu849/Iosevka/ttf/iosevka-medium.ttf HTTP/1.1[0m" 200 - datefmt=
2020-10-14 19:37:37,942 INFO werkzeug Thread-5 : 127.0.0.1 - - [14/Oct/2020 19:37:37] "[37mGET /home/ HTTP/1.1[0m" 200 - datefmt=
2020-10-14 19:37:38,927 INFO werkzeug Thread-6 : 127.0.0.1 - - [14/Oct/2020 19:37:38] "[37mGET /techniques/ HTTP/1.1[0m" 200 - datefmt=
2020-10-14 19:37:40,865 INFO werkzeug Thread-7 : 127.0.0.1 - - [14/Oct/2020 19:37:40] "[37mGET /list/ HTTP/1.1[0m" 200 - datefmt=
2020-10-14 19:37:43,317 INFO werkzeug Thread-8 : 127.0.0.1 - - [14/Oct/2020 19:37:43] "[37mGET /home/ HTTP/1.1[0m" 200 - datefmt=
2020-10-14 19:37:44,236 INFO werkzeug Thread-9 : 127.0.0.1 - - [14/Oct/2020 19:37:44] "[37mGET /techniques/ HTTP/1.1[0m" 200 - datefmt=
2020-10-14 19:37:45,322 INFO werkzeug Thread-10 : 127.0.0.1 - - [14/Oct/2020 19:37:45] "[37mGET /list/ HTTP/1.1[0m" 200 - datefmt=
2020-10-14 19:38:04,431 INFO werkzeug MainThread :  * Running on http://127.0.0.1:5000/ (Press CTRL+C to quit) datefmt=
2020-10-14 19:38:08,307 INFO werkzeug Thread-1 : 127.0.0.1 - - [14/Oct/2020 19:38:08] "[37mGET /techniques/ HTTP/1.1[0m" 200 - datefmt=
2020-10-14 19:38:09,534 INFO werkzeug Thread-2 : 127.0.0.1 - - [14/Oct/2020 19:38:09] "[37mGET /home/ HTTP/1.1[0m" 200 - datefmt=
2020-10-14 19:38:10,235 INFO werkzeug Thread-3 : 127.0.0.1 - - [14/Oct/2020 19:38:10] "[37mGET /list/ HTTP/1.1[0m" 200 - datefmt=
2020-10-14 19:38:11,012 INFO werkzeug Thread-4 : 127.0.0.1 - - [14/Oct/2020 19:38:11] "[37mGET /techniques/ HTTP/1.1[0m" 200 - datefmt=
2020-10-14 19:38:12,540 INFO werkzeug Thread-5 : 127.0.0.1 - - [14/Oct/2020 19:38:12] "[37mGET /techniques/?technique=c%2B%2B HTTP/1.1[0m" 200 - datefmt=
2020-10-14 19:38:14,309 INFO werkzeug Thread-6 : 127.0.0.1 - - [14/Oct/2020 19:38:14] "[37mGET /techniques/?technique=csv&technique=python HTTP/1.1[0m" 200 - datefmt=
2020-10-14 19:38:15,253 INFO werkzeug Thread-7 : 127.0.0.1 - - [14/Oct/2020 19:38:15] "[37mGET /project/3/ HTTP/1.1[0m" 200 - datefmt=
2020-10-14 19:38:16,867 INFO werkzeug Thread-8 : 127.0.0.1 - - [14/Oct/2020 19:38:16] "[37mGET /home/ HTTP/1.1[0m" 200 - datefmt=
2020-10-14 19:39:39,885 INFO werkzeug MainThread :  * Running on http://127.0.0.1:5000/ (Press CTRL+C to quit)
2020-10-14 19:39:46,138 INFO werkzeug Thread-1 : 127.0.0.1 - - [14/Oct/2020 19:39:46] "[37mGET /techniques/ HTTP/1.1[0m" 200 -
2020-10-14 19:39:48,600 INFO werkzeug Thread-2 : 127.0.0.1 - - [14/Oct/2020 19:39:48] "[37mGET /techniques/?technique=c%2B%2B&technique=csv HTTP/1.1[0m" 200 -
2020-10-14 19:42:33,852 INFO werkzeug MainThread :  * Running on http://127.0.0.1:5000/ (Press CTRL+C to quit)
2020-10-14 19:42:36,472 INFO werkzeug Thread-1 : 127.0.0.1 - - [14/Oct/2020 19:42:36] "[37mGET /techniques/?technique=c%%2B&technique=csv HTTP/1.1[0m" 200 -
2020-10-14 19:42:41,047 INFO werkzeug Thread-2 : 127.0.0.1 - - [14/Oct/2020 19:42:41] "[37mGET /techniques/?technique=c%%2B&tea%20rwe%20afwchnique=csv HTTP/1.1[0m" 200 -
2020-10-14 19:42:53,460 INFO werkzeug Thread-3 : 127.0.0.1 - - [14/Oct/2020 19:42:53] "[37mGET /techniques/?technique=sas23c%%2B&tea%20rwe%20afwchnique=csv HTTP/1.1[0m" 200 -
2020-10-14 19:42:56,978 INFO werkzeug Thread-4 : 127.0.0.1 - - [14/Oct/2020 19:42:56] "[37mGET /techniques/?technique=python HTTP/1.1[0m" 200 -
2020-10-14 19:43:02,176 INFO werkzeug Thread-5 : 127.0.0.1 - - [14/Oct/2020 19:43:02] "[37mGET /techniques/?technique=python3 HTTP/1.1[0m" 200 -
2020-10-14 19:43:04,118 INFO werkzeug Thread-6 : 127.0.0.1 - - [14/Oct/2020 19:43:04] "[37mGET /list/ HTTP/1.1[0m" 200 -
2020-10-14 19:43:05,805 INFO werkzeug Thread-7 : 127.0.0.1 - - [14/Oct/2020 19:43:05] "[37mGET /home/ HTTP/1.1[0m" 200 -
2020-10-14 19:43:07,188 INFO werkzeug Thread-8 : 127.0.0.1 - - [14/Oct/2020 19:43:07] "[37mGET /techniques/ HTTP/1.1[0m" 200 -
2020-10-14 19:43:09,589 INFO werkzeug Thread-9 : 127.0.0.1 - - [14/Oct/2020 19:43:09] "[37mGET /techniques/?technique=python HTTP/1.1[0m" 200 -
2020-10-14 19:43:18,459 INFO werkzeug Thread-10 : 127.0.0.1 - - [14/Oct/2020 19:43:18] "[37mGET /techniques/?technique=c%2B%2B&technique=csv HTTP/1.1[0m" 200 -
2020-10-15 17:31:30,919 INFO werkzeug MainThread :  * Running on http://127.0.0.1:5000/ (Press CTRL+C to quit)
2020-10-15 17:31:30,920 INFO werkzeug MainThread :  * Restarting with stat
2020-10-15 17:31:31,103 WARNING werkzeug MainThread :  * Debugger is active!
2020-10-15 17:31:31,171 INFO werkzeug MainThread :  * Debugger PIN: 465-584-587
2020-10-16 11:18:22,310 INFO werkzeug MainThread :  * Running on http://127.0.0.1:5000/ (Press CTRL+C to quit)
2020-10-16 11:18:50,376 INFO werkzeug MainThread :  * Running on http://127.0.0.1:5000/ (Press CTRL+C to quit)
2020-10-16 11:22:29,082 INFO werkzeug MainThread :  * Running on http://127.0.0.1:5000/ (Press CTRL+C to quit)
2020-10-16 11:29:14,234 INFO werkzeug Thread-1 : 127.0.0.1 - - [16/Oct/2020 11:29:14] "[37mGET / HTTP/1.1[0m" 200 -
2020-10-16 11:29:14,305 INFO werkzeug Thread-2 : 127.0.0.1 - - [16/Oct/2020 11:29:14] "[37mGET /static/reset.css HTTP/1.1[0m" 200 -
2020-10-16 11:29:14,306 INFO werkzeug Thread-3 : 127.0.0.1 - - [16/Oct/2020 11:29:14] "[37mGET /static/danhu849/base.css HTTP/1.1[0m" 200 -
2020-10-16 11:29:14,407 INFO werkzeug Thread-4 : 127.0.0.1 - - [16/Oct/2020 11:29:14] "[37mGET /static/danhu849/pawel-czerwinski-ncgbTwIZhNU-unsplash.jpg HTTP/1.1[0m" 200 -
2020-10-16 11:29:14,424 INFO werkzeug Thread-5 : 127.0.0.1 - - [16/Oct/2020 11:29:14] "[37mGET /static/danhu849/pawel-czerwinski-ncgbTwIZhNU-unsplash_blur_bright.jpg HTTP/1.1[0m" 200 -
2020-10-16 11:29:14,426 INFO werkzeug Thread-6 : 127.0.0.1 - - [16/Oct/2020 11:29:14] "[37mGET /static/danhu849/pawel-czerwinski-ncgbTwIZhNU-unsplash_blur_dark.jpg HTTP/1.1[0m" 200 -
2020-10-16 11:29:14,429 INFO werkzeug Thread-7 : 127.0.0.1 - - [16/Oct/2020 11:29:14] "[36mGET /static/danhu849/Iosevka/ttf/iosevka-medium.ttf HTTP/1.1[0m" 304 -
2020-10-16 11:29:14,490 INFO werkzeug Thread-8 : 127.0.0.1 - - [16/Oct/2020 11:29:14] "[33mGET /favicon.ico HTTP/1.1[0m" 404 -
2020-10-16 11:30:12,222 INFO werkzeug Thread-9 : 127.0.0.1 - - [16/Oct/2020 11:30:12] "[32mGET /list HTTP/1.1[0m" 308 -
2020-10-16 11:30:12,231 INFO werkzeug Thread-10 : 127.0.0.1 - - [16/Oct/2020 11:30:12] "[37mGET /list/ HTTP/1.1[0m" 200 -
2020-10-16 11:30:35,892 INFO werkzeug Thread-11 : 127.0.0.1 - - [16/Oct/2020 11:30:35] "[37mGET /list/?search+projects=e&sort_by=start_date&sort_order=asc&search_field=long_description&search_field=external_link&search_field=course_id HTTP/1.1[0m" 200 -
2020-10-16 11:30:47,924 INFO werkzeug Thread-12 : 127.0.0.1 - - [16/Oct/2020 11:30:47] "[37mGET /list/?search+projects=e&sort_by=start_date&sort_order=asc&search_field=start_date&search_field=short_description&search_field=course_name&search_field=long_description&search_field=group_size&search_field=academic_credits&search_field=lulz_had&search_field=external_link&search_field=small_image&search_field=techniques_used&search_field=project_name&search_field=course_id&search_field=end_date&search_field=project_id&search_field=big_image HTTP/1.1[0m" 200 -
2020-10-16 11:35:04,870 INFO werkzeug MainThread :  * Running on http://127.0.0.1:5000/ (Press CTRL+C to quit)
2020-10-16 11:35:08,604 ERROR portfolio_app Thread-1 : Exception on /list/ [GET]
Traceback (most recent call last):
  File "/home/danhu849/.local/lib/python3.8/site-packages/flask/app.py", line 2447, in wsgi_app
    response = self.full_dispatch_request()
  File "/home/danhu849/.local/lib/python3.8/site-packages/flask/app.py", line 1952, in full_dispatch_request
    rv = self.handle_user_exception(e)
  File "/home/danhu849/.local/lib/python3.8/site-packages/flask/app.py", line 1821, in handle_user_exception
    reraise(exc_type, exc_value, tb)
  File "/home/danhu849/.local/lib/python3.8/site-packages/flask/_compat.py", line 39, in reraise
    raise value
  File "/home/danhu849/.local/lib/python3.8/site-packages/flask/app.py", line 1950, in full_dispatch_request
    rv = self.dispatch_request()
  File "/home/danhu849/.local/lib/python3.8/site-packages/flask/app.py", line 1936, in dispatch_request
    return self.view_functions[rule.endpoint](**req.view_args)
  File "/home/danhu849/tdp003/portfolio_app/portfolio_app/routes.py", line 42, in list
    return render_template('list.html', title='Search', search=search_for, search_results=found, search_fields=jen_api.get_search_fields(db), searched_search_fields=search_fields)
AttributeError: module 'daniel_api' has no attribute 'get_search_fields'
2020-10-16 11:35:08,607 INFO werkzeug Thread-1 : 127.0.0.1 - - [16/Oct/2020 11:35:08] "[35m[1mGET /list/?search+projects=e&sort_by=start_date&sort_order=asc&search_field=start_date&search_field=short_description&search_field=course_name&search_field=long_description&search_field=group_size&search_field=academic_credits&search_field=lulz_had&search_field=external_link&search_field=small_image&search_field=techniques_used&search_field=project_name&search_field=course_id&search_field=end_date&search_field=project_id&search_field=big_image HTTP/1.1[0m" 500 -
2020-10-16 11:35:25,362 INFO werkzeug Thread-2 : 127.0.0.1 - - [16/Oct/2020 11:35:25] "[37mGET / HTTP/1.1[0m" 200 -
2020-10-16 11:35:27,503 ERROR portfolio_app Thread-3 : Exception on /list/ [GET]
Traceback (most recent call last):
  File "/home/danhu849/.local/lib/python3.8/site-packages/flask/app.py", line 2447, in wsgi_app
    response = self.full_dispatch_request()
  File "/home/danhu849/.local/lib/python3.8/site-packages/flask/app.py", line 1952, in full_dispatch_request
    rv = self.handle_user_exception(e)
  File "/home/danhu849/.local/lib/python3.8/site-packages/flask/app.py", line 1821, in handle_user_exception
    reraise(exc_type, exc_value, tb)
  File "/home/danhu849/.local/lib/python3.8/site-packages/flask/_compat.py", line 39, in reraise
    raise value
  File "/home/danhu849/.local/lib/python3.8/site-packages/flask/app.py", line 1950, in full_dispatch_request
    rv = self.dispatch_request()
  File "/home/danhu849/.local/lib/python3.8/site-packages/flask/app.py", line 1936, in dispatch_request
    return self.view_functions[rule.endpoint](**req.view_args)
  File "/home/danhu849/tdp003/portfolio_app/portfolio_app/routes.py", line 42, in list
    return render_template('list.html', title='Search', search=search_for, search_results=found, search_fields=jen_api.get_search_fields(db), searched_search_fields=search_fields)
AttributeError: module 'daniel_api' has no attribute 'get_search_fields'
2020-10-16 11:35:27,503 INFO werkzeug Thread-3 : 127.0.0.1 - - [16/Oct/2020 11:35:27] "[35m[1mGET /list/ HTTP/1.1[0m" 500 -
2020-10-16 11:35:32,005 INFO werkzeug Thread-4 : 127.0.0.1 - - [16/Oct/2020 11:35:32] "[37mGET /techniques/ HTTP/1.1[0m" 200 -
2020-10-16 11:35:33,801 ERROR portfolio_app Thread-5 : Exception on /list/ [GET]
Traceback (most recent call last):
  File "/home/danhu849/.local/lib/python3.8/site-packages/flask/app.py", line 2447, in wsgi_app
    response = self.full_dispatch_request()
  File "/home/danhu849/.local/lib/python3.8/site-packages/flask/app.py", line 1952, in full_dispatch_request
    rv = self.handle_user_exception(e)
  File "/home/danhu849/.local/lib/python3.8/site-packages/flask/app.py", line 1821, in handle_user_exception
    reraise(exc_type, exc_value, tb)
  File "/home/danhu849/.local/lib/python3.8/site-packages/flask/_compat.py", line 39, in reraise
    raise value
  File "/home/danhu849/.local/lib/python3.8/site-packages/flask/app.py", line 1950, in full_dispatch_request
    rv = self.dispatch_request()
  File "/home/danhu849/.local/lib/python3.8/site-packages/flask/app.py", line 1936, in dispatch_request
    return self.view_functions[rule.endpoint](**req.view_args)
  File "/home/danhu849/tdp003/portfolio_app/portfolio_app/routes.py", line 42, in list
    return render_template('list.html', title='Search', search=search_for, search_results=found, search_fields=jen_api.get_search_fields(db), searched_search_fields=search_fields)
AttributeError: module 'daniel_api' has no attribute 'get_search_fields'
2020-10-16 11:35:33,801 INFO werkzeug Thread-5 : 127.0.0.1 - - [16/Oct/2020 11:35:33] "[35m[1mGET /list/ HTTP/1.1[0m" 500 -
2020-10-16 11:44:56,504 INFO werkzeug MainThread :  * Running on http://127.0.0.1:5000/ (Press CTRL+C to quit)
2020-10-16 11:45:00,263 INFO werkzeug Thread-1 : 127.0.0.1 - - [16/Oct/2020 11:45:00] "[37mGET /list/ HTTP/1.1[0m" 200 -
2020-10-16 11:45:18,696 INFO werkzeug Thread-2 : 127.0.0.1 - - [16/Oct/2020 11:45:18] "[37mGET /list/?search+projects=e&sort_by=start_date&sort_order=asc&search_field=start_date&search_field=short_description&search_field=course_name&search_field=long_description&search_field=group_size&search_field=academic_credits&search_field=lulz_had&search_field=external_link&search_field=small_image&search_field=techniques_used&search_field=project_name&search_field=course_id&search_field=end_date&search_field=project_id&search_field=big_image HTTP/1.1[0m" 200 -
2020-10-19 08:50:43,318 DEBUG MARKDOWN MainThread : Successfully imported extension module "markdown.extensions.abbr".
2020-10-19 08:50:43,318 DEBUG MARKDOWN MainThread : Successfully loaded extension "markdown.extensions.abbr.AbbrExtension".
2020-10-19 08:50:43,323 DEBUG MARKDOWN MainThread : Successfully imported extension module "markdown.extensions.attr_list".
2020-10-19 08:50:43,323 DEBUG MARKDOWN MainThread : Successfully loaded extension "markdown.extensions.attr_list.AttrListExtension".
2020-10-19 08:50:43,324 DEBUG MARKDOWN MainThread : Successfully imported extension module "markdown.extensions.def_list".
2020-10-19 08:50:43,324 DEBUG MARKDOWN MainThread : Successfully loaded extension "markdown.extensions.def_list.DefListExtension".
2020-10-19 08:50:43,326 DEBUG MARKDOWN MainThread : Successfully imported extension module "markdown.extensions.fenced_code".
2020-10-19 08:50:43,326 DEBUG MARKDOWN MainThread : Successfully loaded extension "markdown.extensions.fenced_code.FencedCodeExtension".
2020-10-19 08:50:43,327 DEBUG MARKDOWN MainThread : Successfully imported extension module "markdown.extensions.footnotes".
2020-10-19 08:50:43,327 DEBUG MARKDOWN MainThread : Successfully loaded extension "markdown.extensions.footnotes.FootnoteExtension".
2020-10-19 08:50:43,328 DEBUG MARKDOWN MainThread : Successfully imported extension module "markdown.extensions.tables".
2020-10-19 08:50:43,328 DEBUG MARKDOWN MainThread : Successfully loaded extension "markdown.extensions.tables.TableExtension".
2020-10-19 08:50:43,329 DEBUG MARKDOWN MainThread : Successfully imported extension module "markdown.extensions.admonition".
2020-10-19 08:50:43,329 DEBUG MARKDOWN MainThread : Successfully loaded extension "markdown.extensions.admonition.AdmonitionExtension".
2020-10-19 08:50:43,329 DEBUG MARKDOWN MainThread : Successfully imported extension module "markdown.extensions.smarty".
2020-10-19 08:50:43,330 DEBUG MARKDOWN MainThread : Successfully loaded extension "markdown.extensions.smarty.SmartyExtension".
2020-10-19 08:50:43,330 DEBUG MARKDOWN MainThread : Successfully imported extension module "markdown.extensions.toc".
2020-10-19 08:50:43,331 DEBUG MARKDOWN MainThread : Successfully loaded extension "markdown.extensions.toc.TocExtension".
2020-10-19 11:02:11,247 DEBUG MARKDOWN MainThread : Successfully imported extension module "markdown.extensions.abbr".
2020-10-19 11:02:11,247 DEBUG MARKDOWN MainThread : Successfully loaded extension "markdown.extensions.abbr.AbbrExtension".
2020-10-19 11:02:11,252 DEBUG MARKDOWN MainThread : Successfully imported extension module "markdown.extensions.attr_list".
2020-10-19 11:02:11,253 DEBUG MARKDOWN MainThread : Successfully loaded extension "markdown.extensions.attr_list.AttrListExtension".
2020-10-19 11:02:11,253 DEBUG MARKDOWN MainThread : Successfully imported extension module "markdown.extensions.def_list".
2020-10-19 11:02:11,253 DEBUG MARKDOWN MainThread : Successfully loaded extension "markdown.extensions.def_list.DefListExtension".
2020-10-19 11:02:11,256 DEBUG MARKDOWN MainThread : Successfully imported extension module "markdown.extensions.fenced_code".
2020-10-19 11:02:11,256 DEBUG MARKDOWN MainThread : Successfully loaded extension "markdown.extensions.fenced_code.FencedCodeExtension".
2020-10-19 11:02:11,257 DEBUG MARKDOWN MainThread : Successfully imported extension module "markdown.extensions.footnotes".
2020-10-19 11:02:11,257 DEBUG MARKDOWN MainThread : Successfully loaded extension "markdown.extensions.footnotes.FootnoteExtension".
2020-10-19 11:02:11,258 DEBUG MARKDOWN MainThread : Successfully imported extension module "markdown.extensions.tables".
2020-10-19 11:02:11,258 DEBUG MARKDOWN MainThread : Successfully loaded extension "markdown.extensions.tables.TableExtension".
2020-10-19 11:02:11,259 DEBUG MARKDOWN MainThread : Successfully imported extension module "markdown.extensions.admonition".
2020-10-19 11:02:11,259 DEBUG MARKDOWN MainThread : Successfully loaded extension "markdown.extensions.admonition.AdmonitionExtension".
2020-10-19 11:02:11,259 DEBUG MARKDOWN MainThread : Successfully imported extension module "markdown.extensions.smarty".
2020-10-19 11:02:11,260 DEBUG MARKDOWN MainThread : Successfully loaded extension "markdown.extensions.smarty.SmartyExtension".
2020-10-19 11:02:11,260 DEBUG MARKDOWN MainThread : Successfully imported extension module "markdown.extensions.toc".
2020-10-19 11:02:11,260 DEBUG MARKDOWN MainThread : Successfully loaded extension "markdown.extensions.toc.TocExtension".
2020-10-19 11:05:39,841 DEBUG MARKDOWN MainThread : Successfully imported extension module "markdown.extensions.abbr".
2020-10-19 11:05:39,841 DEBUG MARKDOWN MainThread : Successfully loaded extension "markdown.extensions.abbr.AbbrExtension".
2020-10-19 11:05:39,846 DEBUG MARKDOWN MainThread : Successfully imported extension module "markdown.extensions.attr_list".
2020-10-19 11:05:39,846 DEBUG MARKDOWN MainThread : Successfully loaded extension "markdown.extensions.attr_list.AttrListExtension".
2020-10-19 11:05:39,847 DEBUG MARKDOWN MainThread : Successfully imported extension module "markdown.extensions.def_list".
2020-10-19 11:05:39,847 DEBUG MARKDOWN MainThread : Successfully loaded extension "markdown.extensions.def_list.DefListExtension".
2020-10-19 11:05:39,849 DEBUG MARKDOWN MainThread : Successfully imported extension module "markdown.extensions.fenced_code".
2020-10-19 11:05:39,849 DEBUG MARKDOWN MainThread : Successfully loaded extension "markdown.extensions.fenced_code.FencedCodeExtension".
2020-10-19 11:05:39,850 DEBUG MARKDOWN MainThread : Successfully imported extension module "markdown.extensions.footnotes".
2020-10-19 11:05:39,851 DEBUG MARKDOWN MainThread : Successfully loaded extension "markdown.extensions.footnotes.FootnoteExtension".
2020-10-19 11:05:39,851 DEBUG MARKDOWN MainThread : Successfully imported extension module "markdown.extensions.tables".
2020-10-19 11:05:39,851 DEBUG MARKDOWN MainThread : Successfully loaded extension "markdown.extensions.tables.TableExtension".
2020-10-19 11:05:39,852 DEBUG MARKDOWN MainThread : Successfully imported extension module "markdown.extensions.admonition".
2020-10-19 11:05:39,852 DEBUG MARKDOWN MainThread : Successfully loaded extension "markdown.extensions.admonition.AdmonitionExtension".
2020-10-19 11:05:39,853 DEBUG MARKDOWN MainThread : Successfully imported extension module "markdown.extensions.smarty".
2020-10-19 11:05:39,853 DEBUG MARKDOWN MainThread : Successfully loaded extension "markdown.extensions.smarty.SmartyExtension".
2020-10-19 11:05:39,854 DEBUG MARKDOWN MainThread : Successfully imported extension module "markdown.extensions.toc".
2020-10-19 11:05:39,854 DEBUG MARKDOWN MainThread : Successfully loaded extension "markdown.extensions.toc.TocExtension".
2020-10-19 11:18:44,200 DEBUG MARKDOWN MainThread : Successfully imported extension module "markdown.extensions.abbr".
2020-10-19 11:18:44,200 DEBUG MARKDOWN MainThread : Successfully loaded extension "markdown.extensions.abbr.AbbrExtension".
2020-10-19 11:18:44,205 DEBUG MARKDOWN MainThread : Successfully imported extension module "markdown.extensions.attr_list".
2020-10-19 11:18:44,206 DEBUG MARKDOWN MainThread : Successfully loaded extension "markdown.extensions.attr_list.AttrListExtension".
2020-10-19 11:18:44,206 DEBUG MARKDOWN MainThread : Successfully imported extension module "markdown.extensions.def_list".
2020-10-19 11:18:44,206 DEBUG MARKDOWN MainThread : Successfully loaded extension "markdown.extensions.def_list.DefListExtension".
2020-10-19 11:18:44,208 DEBUG MARKDOWN MainThread : Successfully imported extension module "markdown.extensions.fenced_code".
2020-10-19 11:18:44,208 DEBUG MARKDOWN MainThread : Successfully loaded extension "markdown.extensions.fenced_code.FencedCodeExtension".
2020-10-19 11:18:44,209 DEBUG MARKDOWN MainThread : Successfully imported extension module "markdown.extensions.footnotes".
2020-10-19 11:18:44,210 DEBUG MARKDOWN MainThread : Successfully loaded extension "markdown.extensions.footnotes.FootnoteExtension".
2020-10-19 11:18:44,210 DEBUG MARKDOWN MainThread : Successfully imported extension module "markdown.extensions.tables".
2020-10-19 11:18:44,210 DEBUG MARKDOWN MainThread : Successfully loaded extension "markdown.extensions.tables.TableExtension".
2020-10-19 11:18:44,211 DEBUG MARKDOWN MainThread : Successfully imported extension module "markdown.extensions.admonition".
2020-10-19 11:18:44,211 DEBUG MARKDOWN MainThread : Successfully loaded extension "markdown.extensions.admonition.AdmonitionExtension".
2020-10-19 11:18:44,212 DEBUG MARKDOWN MainThread : Successfully imported extension module "markdown.extensions.smarty".
2020-10-19 11:18:44,212 DEBUG MARKDOWN MainThread : Successfully loaded extension "markdown.extensions.smarty.SmartyExtension".
2020-10-19 11:18:44,213 DEBUG MARKDOWN MainThread : Successfully imported extension module "markdown.extensions.toc".
2020-10-19 11:18:44,213 DEBUG MARKDOWN MainThread : Successfully loaded extension "markdown.extensions.toc.TocExtension".
2020-10-19 11:18:57,128 DEBUG MARKDOWN MainThread : Successfully imported extension module "markdown.extensions.abbr".
2020-10-19 11:18:57,128 DEBUG MARKDOWN MainThread : Successfully loaded extension "markdown.extensions.abbr.AbbrExtension".
2020-10-19 11:18:57,133 DEBUG MARKDOWN MainThread : Successfully imported extension module "markdown.extensions.attr_list".
2020-10-19 11:18:57,133 DEBUG MARKDOWN MainThread : Successfully loaded extension "markdown.extensions.attr_list.AttrListExtension".
2020-10-19 11:18:57,134 DEBUG MARKDOWN MainThread : Successfully imported extension module "markdown.extensions.def_list".
2020-10-19 11:18:57,134 DEBUG MARKDOWN MainThread : Successfully loaded extension "markdown.extensions.def_list.DefListExtension".
2020-10-19 11:18:57,136 DEBUG MARKDOWN MainThread : Successfully imported extension module "markdown.extensions.fenced_code".
2020-10-19 11:18:57,136 DEBUG MARKDOWN MainThread : Successfully loaded extension "markdown.extensions.fenced_code.FencedCodeExtension".
2020-10-19 11:18:57,137 DEBUG MARKDOWN MainThread : Successfully imported extension module "markdown.extensions.footnotes".
2020-10-19 11:18:57,137 DEBUG MARKDOWN MainThread : Successfully loaded extension "markdown.extensions.footnotes.FootnoteExtension".
2020-10-19 11:18:57,138 DEBUG MARKDOWN MainThread : Successfully imported extension module "markdown.extensions.tables".
2020-10-19 11:18:57,138 DEBUG MARKDOWN MainThread : Successfully loaded extension "markdown.extensions.tables.TableExtension".
2020-10-19 11:18:57,139 DEBUG MARKDOWN MainThread : Successfully imported extension module "markdown.extensions.admonition".
2020-10-19 11:18:57,139 DEBUG MARKDOWN MainThread : Successfully loaded extension "markdown.extensions.admonition.AdmonitionExtension".
2020-10-19 11:18:57,139 DEBUG MARKDOWN MainThread : Successfully imported extension module "markdown.extensions.smarty".
2020-10-19 11:18:57,140 DEBUG MARKDOWN MainThread : Successfully loaded extension "markdown.extensions.smarty.SmartyExtension".
2020-10-19 11:18:57,140 DEBUG MARKDOWN MainThread : Successfully imported extension module "markdown.extensions.toc".
2020-10-19 11:18:57,141 DEBUG MARKDOWN MainThread : Successfully loaded extension "markdown.extensions.toc.TocExtension".
2020-10-19 13:33:18,928 DEBUG MARKDOWN MainThread : Successfully imported extension module "markdown.extensions.abbr".
2020-10-19 13:33:18,928 DEBUG MARKDOWN MainThread : Successfully loaded extension "markdown.extensions.abbr.AbbrExtension".
2020-10-19 13:33:18,934 DEBUG MARKDOWN MainThread : Successfully imported extension module "markdown.extensions.attr_list".
2020-10-19 13:33:18,934 DEBUG MARKDOWN MainThread : Successfully loaded extension "markdown.extensions.attr_list.AttrListExtension".
2020-10-19 13:33:18,935 DEBUG MARKDOWN MainThread : Successfully imported extension module "markdown.extensions.def_list".
2020-10-19 13:33:18,935 DEBUG MARKDOWN MainThread : Successfully loaded extension "markdown.extensions.def_list.DefListExtension".
2020-10-19 13:33:18,938 DEBUG MARKDOWN MainThread : Successfully imported extension module "markdown.extensions.fenced_code".
2020-10-19 13:33:18,938 DEBUG MARKDOWN MainThread : Successfully loaded extension "markdown.extensions.fenced_code.FencedCodeExtension".
2020-10-19 13:33:18,939 DEBUG MARKDOWN MainThread : Successfully imported extension module "markdown.extensions.footnotes".
2020-10-19 13:33:18,939 DEBUG MARKDOWN MainThread : Successfully loaded extension "markdown.extensions.footnotes.FootnoteExtension".
2020-10-19 13:33:18,941 DEBUG MARKDOWN MainThread : Successfully imported extension module "markdown.extensions.tables".
2020-10-19 13:33:18,941 DEBUG MARKDOWN MainThread : Successfully loaded extension "markdown.extensions.tables.TableExtension".
2020-10-19 13:33:18,942 DEBUG MARKDOWN MainThread : Successfully imported extension module "markdown.extensions.admonition".
2020-10-19 13:33:18,942 DEBUG MARKDOWN MainThread : Successfully loaded extension "markdown.extensions.admonition.AdmonitionExtension".
2020-10-19 13:33:18,942 DEBUG MARKDOWN MainThread : Successfully imported extension module "markdown.extensions.smarty".
2020-10-19 13:33:18,943 DEBUG MARKDOWN MainThread : Successfully loaded extension "markdown.extensions.smarty.SmartyExtension".
2020-10-19 13:33:18,944 DEBUG MARKDOWN MainThread : Successfully imported extension module "markdown.extensions.toc".
2020-10-19 13:33:18,944 DEBUG MARKDOWN MainThread : Successfully loaded extension "markdown.extensions.toc.TocExtension".
2020-10-19 13:33:36,570 DEBUG MARKDOWN MainThread : Successfully imported extension module "markdown.extensions.abbr".
2020-10-19 13:33:36,570 DEBUG MARKDOWN MainThread : Successfully loaded extension "markdown.extensions.abbr.AbbrExtension".
2020-10-19 13:33:36,575 DEBUG MARKDOWN MainThread : Successfully imported extension module "markdown.extensions.attr_list".
2020-10-19 13:33:36,575 DEBUG MARKDOWN MainThread : Successfully loaded extension "markdown.extensions.attr_list.AttrListExtension".
2020-10-19 13:33:36,576 DEBUG MARKDOWN MainThread : Successfully imported extension module "markdown.extensions.def_list".
2020-10-19 13:33:36,576 DEBUG MARKDOWN MainThread : Successfully loaded extension "markdown.extensions.def_list.DefListExtension".
2020-10-19 13:33:36,578 DEBUG MARKDOWN MainThread : Successfully imported extension module "markdown.extensions.fenced_code".
2020-10-19 13:33:36,578 DEBUG MARKDOWN MainThread : Successfully loaded extension "markdown.extensions.fenced_code.FencedCodeExtension".
2020-10-19 13:33:36,579 DEBUG MARKDOWN MainThread : Successfully imported extension module "markdown.extensions.footnotes".
2020-10-19 13:33:36,579 DEBUG MARKDOWN MainThread : Successfully loaded extension "markdown.extensions.footnotes.FootnoteExtension".
2020-10-19 13:33:36,580 DEBUG MARKDOWN MainThread : Successfully imported extension module "markdown.extensions.tables".
2020-10-19 13:33:36,580 DEBUG MARKDOWN MainThread : Successfully loaded extension "markdown.extensions.tables.TableExtension".
2020-10-19 13:33:36,581 DEBUG MARKDOWN MainThread : Successfully imported extension module "markdown.extensions.admonition".
2020-10-19 13:33:36,581 DEBUG MARKDOWN MainThread : Successfully loaded extension "markdown.extensions.admonition.AdmonitionExtension".
2020-10-19 13:33:36,581 DEBUG MARKDOWN MainThread : Successfully imported extension module "markdown.extensions.smarty".
2020-10-19 13:33:36,582 DEBUG MARKDOWN MainThread : Successfully loaded extension "markdown.extensions.smarty.SmartyExtension".
2020-10-19 13:33:36,582 DEBUG MARKDOWN MainThread : Successfully imported extension module "markdown.extensions.toc".
2020-10-19 13:33:36,583 DEBUG MARKDOWN MainThread : Successfully loaded extension "markdown.extensions.toc.TocExtension".
2020-10-19 13:34:16,609 DEBUG MARKDOWN MainThread : Successfully imported extension module "markdown.extensions.abbr".
2020-10-19 13:34:16,609 DEBUG MARKDOWN MainThread : Successfully loaded extension "markdown.extensions.abbr.AbbrExtension".
2020-10-19 13:34:16,614 DEBUG MARKDOWN MainThread : Successfully imported extension module "markdown.extensions.attr_list".
2020-10-19 13:34:16,614 DEBUG MARKDOWN MainThread : Successfully loaded extension "markdown.extensions.attr_list.AttrListExtension".
2020-10-19 13:34:16,615 DEBUG MARKDOWN MainThread : Successfully imported extension module "markdown.extensions.def_list".
2020-10-19 13:34:16,615 DEBUG MARKDOWN MainThread : Successfully loaded extension "markdown.extensions.def_list.DefListExtension".
2020-10-19 13:34:16,618 DEBUG MARKDOWN MainThread : Successfully imported extension module "markdown.extensions.fenced_code".
2020-10-19 13:34:16,618 DEBUG MARKDOWN MainThread : Successfully loaded extension "markdown.extensions.fenced_code.FencedCodeExtension".
2020-10-19 13:34:16,619 DEBUG MARKDOWN MainThread : Successfully imported extension module "markdown.extensions.footnotes".
2020-10-19 13:34:16,619 DEBUG MARKDOWN MainThread : Successfully loaded extension "markdown.extensions.footnotes.FootnoteExtension".
2020-10-19 13:34:16,620 DEBUG MARKDOWN MainThread : Successfully imported extension module "markdown.extensions.tables".
2020-10-19 13:34:16,620 DEBUG MARKDOWN MainThread : Successfully loaded extension "markdown.extensions.tables.TableExtension".
2020-10-19 13:34:16,620 DEBUG MARKDOWN MainThread : Successfully imported extension module "markdown.extensions.admonition".
2020-10-19 13:34:16,621 DEBUG MARKDOWN MainThread : Successfully loaded extension "markdown.extensions.admonition.AdmonitionExtension".
2020-10-19 13:34:16,621 DEBUG MARKDOWN MainThread : Successfully imported extension module "markdown.extensions.smarty".
2020-10-19 13:34:16,621 DEBUG MARKDOWN MainThread : Successfully loaded extension "markdown.extensions.smarty.SmartyExtension".
2020-10-19 13:34:16,622 DEBUG MARKDOWN MainThread : Successfully imported extension module "markdown.extensions.toc".
2020-10-19 13:34:16,622 DEBUG MARKDOWN MainThread : Successfully loaded extension "markdown.extensions.toc.TocExtension".
2020-10-19 13:34:28,183 DEBUG MARKDOWN MainThread : Successfully imported extension module "markdown.extensions.abbr".
2020-10-19 13:34:28,183 DEBUG MARKDOWN MainThread : Successfully loaded extension "markdown.extensions.abbr.AbbrExtension".
2020-10-19 13:34:28,188 DEBUG MARKDOWN MainThread : Successfully imported extension module "markdown.extensions.attr_list".
2020-10-19 13:34:28,189 DEBUG MARKDOWN MainThread : Successfully loaded extension "markdown.extensions.attr_list.AttrListExtension".
2020-10-19 13:34:28,189 DEBUG MARKDOWN MainThread : Successfully imported extension module "markdown.extensions.def_list".
2020-10-19 13:34:28,189 DEBUG MARKDOWN MainThread : Successfully loaded extension "markdown.extensions.def_list.DefListExtension".
2020-10-19 13:34:28,192 DEBUG MARKDOWN MainThread : Successfully imported extension module "markdown.extensions.fenced_code".
2020-10-19 13:34:28,192 DEBUG MARKDOWN MainThread : Successfully loaded extension "markdown.extensions.fenced_code.FencedCodeExtension".
2020-10-19 13:34:28,193 DEBUG MARKDOWN MainThread : Successfully imported extension module "markdown.extensions.footnotes".
2020-10-19 13:34:28,193 DEBUG MARKDOWN MainThread : Successfully loaded extension "markdown.extensions.footnotes.FootnoteExtension".
2020-10-19 13:34:28,194 DEBUG MARKDOWN MainThread : Successfully imported extension module "markdown.extensions.tables".
2020-10-19 13:34:28,194 DEBUG MARKDOWN MainThread : Successfully loaded extension "markdown.extensions.tables.TableExtension".
2020-10-19 13:34:28,195 DEBUG MARKDOWN MainThread : Successfully imported extension module "markdown.extensions.admonition".
2020-10-19 13:34:28,195 DEBUG MARKDOWN MainThread : Successfully loaded extension "markdown.extensions.admonition.AdmonitionExtension".
2020-10-19 13:34:28,195 DEBUG MARKDOWN MainThread : Successfully imported extension module "markdown.extensions.smarty".
2020-10-19 13:34:28,196 DEBUG MARKDOWN MainThread : Successfully loaded extension "markdown.extensions.smarty.SmartyExtension".
2020-10-19 13:34:28,196 DEBUG MARKDOWN MainThread : Successfully imported extension module "markdown.extensions.toc".
2020-10-19 13:34:28,196 DEBUG MARKDOWN MainThread : Successfully loaded extension "markdown.extensions.toc.TocExtension".
2020-10-19 13:34:45,515 DEBUG MARKDOWN MainThread : Successfully imported extension module "markdown.extensions.abbr".
2020-10-19 13:34:45,515 DEBUG MARKDOWN MainThread : Successfully loaded extension "markdown.extensions.abbr.AbbrExtension".
2020-10-19 13:34:45,521 DEBUG MARKDOWN MainThread : Successfully imported extension module "markdown.extensions.attr_list".
2020-10-19 13:34:45,521 DEBUG MARKDOWN MainThread : Successfully loaded extension "markdown.extensions.attr_list.AttrListExtension".
2020-10-19 13:34:45,521 DEBUG MARKDOWN MainThread : Successfully imported extension module "markdown.extensions.def_list".
2020-10-19 13:34:45,521 DEBUG MARKDOWN MainThread : Successfully loaded extension "markdown.extensions.def_list.DefListExtension".
2020-10-19 13:34:45,523 DEBUG MARKDOWN MainThread : Successfully imported extension module "markdown.extensions.fenced_code".
2020-10-19 13:34:45,524 DEBUG MARKDOWN MainThread : Successfully loaded extension "markdown.extensions.fenced_code.FencedCodeExtension".
2020-10-19 13:34:45,525 DEBUG MARKDOWN MainThread : Successfully imported extension module "markdown.extensions.footnotes".
2020-10-19 13:34:45,525 DEBUG MARKDOWN MainThread : Successfully loaded extension "markdown.extensions.footnotes.FootnoteExtension".
2020-10-19 13:34:45,525 DEBUG MARKDOWN MainThread : Successfully imported extension module "markdown.extensions.tables".
2020-10-19 13:34:45,526 DEBUG MARKDOWN MainThread : Successfully loaded extension "markdown.extensions.tables.TableExtension".
2020-10-19 13:34:45,526 DEBUG MARKDOWN MainThread : Successfully imported extension module "markdown.extensions.admonition".
2020-10-19 13:34:45,526 DEBUG MARKDOWN MainThread : Successfully loaded extension "markdown.extensions.admonition.AdmonitionExtension".
2020-10-19 13:34:45,527 DEBUG MARKDOWN MainThread : Successfully imported extension module "markdown.extensions.smarty".
2020-10-19 13:34:45,527 DEBUG MARKDOWN MainThread : Successfully loaded extension "markdown.extensions.smarty.SmartyExtension".
2020-10-19 13:34:45,528 DEBUG MARKDOWN MainThread : Successfully imported extension module "markdown.extensions.toc".
2020-10-19 13:34:45,528 DEBUG MARKDOWN MainThread : Successfully loaded extension "markdown.extensions.toc.TocExtension".
2020-10-19 13:35:05,171 DEBUG MARKDOWN MainThread : Successfully imported extension module "markdown.extensions.abbr".
2020-10-19 13:35:05,171 DEBUG MARKDOWN MainThread : Successfully loaded extension "markdown.extensions.abbr.AbbrExtension".
2020-10-19 13:35:05,176 DEBUG MARKDOWN MainThread : Successfully imported extension module "markdown.extensions.attr_list".
2020-10-19 13:35:05,176 DEBUG MARKDOWN MainThread : Successfully loaded extension "markdown.extensions.attr_list.AttrListExtension".
2020-10-19 13:35:05,177 DEBUG MARKDOWN MainThread : Successfully imported extension module "markdown.extensions.def_list".
2020-10-19 13:35:05,177 DEBUG MARKDOWN MainThread : Successfully loaded extension "markdown.extensions.def_list.DefListExtension".
2020-10-19 13:35:05,179 DEBUG MARKDOWN MainThread : Successfully imported extension module "markdown.extensions.fenced_code".
2020-10-19 13:35:05,179 DEBUG MARKDOWN MainThread : Successfully loaded extension "markdown.extensions.fenced_code.FencedCodeExtension".
2020-10-19 13:35:05,180 DEBUG MARKDOWN MainThread : Successfully imported extension module "markdown.extensions.footnotes".
2020-10-19 13:35:05,181 DEBUG MARKDOWN MainThread : Successfully loaded extension "markdown.extensions.footnotes.FootnoteExtension".
2020-10-19 13:35:05,181 DEBUG MARKDOWN MainThread : Successfully imported extension module "markdown.extensions.tables".
2020-10-19 13:35:05,181 DEBUG MARKDOWN MainThread : Successfully loaded extension "markdown.extensions.tables.TableExtension".
2020-10-19 13:35:05,182 DEBUG MARKDOWN MainThread : Successfully imported extension module "markdown.extensions.admonition".
2020-10-19 13:35:05,182 DEBUG MARKDOWN MainThread : Successfully loaded extension "markdown.extensions.admonition.AdmonitionExtension".
2020-10-19 13:35:05,183 DEBUG MARKDOWN MainThread : Successfully imported extension module "markdown.extensions.smarty".
2020-10-19 13:35:05,183 DEBUG MARKDOWN MainThread : Successfully loaded extension "markdown.extensions.smarty.SmartyExtension".
2020-10-19 13:35:05,184 DEBUG MARKDOWN MainThread : Successfully imported extension module "markdown.extensions.toc".
2020-10-19 13:35:05,184 DEBUG MARKDOWN MainThread : Successfully loaded extension "markdown.extensions.toc.TocExtension".
2020-10-19 15:39:20,146 DEBUG MARKDOWN MainThread : Successfully imported extension module "markdown.extensions.abbr".
2020-10-19 15:39:20,146 DEBUG MARKDOWN MainThread : Successfully loaded extension "markdown.extensions.abbr.AbbrExtension".
2020-10-19 15:39:20,152 DEBUG MARKDOWN MainThread : Successfully imported extension module "markdown.extensions.attr_list".
2020-10-19 15:39:20,152 DEBUG MARKDOWN MainThread : Successfully loaded extension "markdown.extensions.attr_list.AttrListExtension".
2020-10-19 15:39:20,153 DEBUG MARKDOWN MainThread : Successfully imported extension module "markdown.extensions.def_list".
2020-10-19 15:39:20,153 DEBUG MARKDOWN MainThread : Successfully loaded extension "markdown.extensions.def_list.DefListExtension".
2020-10-19 15:39:20,155 DEBUG MARKDOWN MainThread : Successfully imported extension module "markdown.extensions.fenced_code".
2020-10-19 15:39:20,155 DEBUG MARKDOWN MainThread : Successfully loaded extension "markdown.extensions.fenced_code.FencedCodeExtension".
2020-10-19 15:39:20,156 DEBUG MARKDOWN MainThread : Successfully imported extension module "markdown.extensions.footnotes".
2020-10-19 15:39:20,156 DEBUG MARKDOWN MainThread : Successfully loaded extension "markdown.extensions.footnotes.FootnoteExtension".
2020-10-19 15:39:20,157 DEBUG MARKDOWN MainThread : Successfully imported extension module "markdown.extensions.tables".
2020-10-19 15:39:20,157 DEBUG MARKDOWN MainThread : Successfully loaded extension "markdown.extensions.tables.TableExtension".
2020-10-19 15:39:20,157 DEBUG MARKDOWN MainThread : Successfully imported extension module "markdown.extensions.admonition".
2020-10-19 15:39:20,158 DEBUG MARKDOWN MainThread : Successfully loaded extension "markdown.extensions.admonition.AdmonitionExtension".
2020-10-19 15:39:20,158 DEBUG MARKDOWN MainThread : Successfully imported extension module "markdown.extensions.smarty".
2020-10-19 15:39:20,158 DEBUG MARKDOWN MainThread : Successfully loaded extension "markdown.extensions.smarty.SmartyExtension".
2020-10-19 15:39:20,159 DEBUG MARKDOWN MainThread : Successfully imported extension module "markdown.extensions.toc".
2020-10-19 15:39:20,159 DEBUG MARKDOWN MainThread : Successfully loaded extension "markdown.extensions.toc.TocExtension".
2020-10-19 15:41:29,209 DEBUG MARKDOWN MainThread : Successfully imported extension module "markdown.extensions.abbr".
2020-10-19 15:41:29,209 DEBUG MARKDOWN MainThread : Successfully loaded extension "markdown.extensions.abbr.AbbrExtension".
2020-10-19 15:41:29,215 DEBUG MARKDOWN MainThread : Successfully imported extension module "markdown.extensions.attr_list".
2020-10-19 15:41:29,215 DEBUG MARKDOWN MainThread : Successfully loaded extension "markdown.extensions.attr_list.AttrListExtension".
2020-10-19 15:41:29,215 DEBUG MARKDOWN MainThread : Successfully imported extension module "markdown.extensions.def_list".
2020-10-19 15:41:29,215 DEBUG MARKDOWN MainThread : Successfully loaded extension "markdown.extensions.def_list.DefListExtension".
2020-10-19 15:41:29,217 DEBUG MARKDOWN MainThread : Successfully imported extension module "markdown.extensions.fenced_code".
2020-10-19 15:41:29,217 DEBUG MARKDOWN MainThread : Successfully loaded extension "markdown.extensions.fenced_code.FencedCodeExtension".
2020-10-19 15:41:29,218 DEBUG MARKDOWN MainThread : Successfully imported extension module "markdown.extensions.footnotes".
2020-10-19 15:41:29,219 DEBUG MARKDOWN MainThread : Successfully loaded extension "markdown.extensions.footnotes.FootnoteExtension".
2020-10-19 15:41:29,219 DEBUG MARKDOWN MainThread : Successfully imported extension module "markdown.extensions.tables".
2020-10-19 15:41:29,219 DEBUG MARKDOWN MainThread : Successfully loaded extension "markdown.extensions.tables.TableExtension".
2020-10-19 15:41:29,220 DEBUG MARKDOWN MainThread : Successfully imported extension module "markdown.extensions.admonition".
2020-10-19 15:41:29,220 DEBUG MARKDOWN MainThread : Successfully loaded extension "markdown.extensions.admonition.AdmonitionExtension".
2020-10-19 15:41:29,221 DEBUG MARKDOWN MainThread : Successfully imported extension module "markdown.extensions.smarty".
2020-10-19 15:41:29,221 DEBUG MARKDOWN MainThread : Successfully loaded extension "markdown.extensions.smarty.SmartyExtension".
2020-10-19 15:41:29,222 DEBUG MARKDOWN MainThread : Successfully imported extension module "markdown.extensions.toc".
2020-10-19 15:41:29,222 DEBUG MARKDOWN MainThread : Successfully loaded extension "markdown.extensions.toc.TocExtension".
2020-10-19 15:42:04,807 DEBUG MARKDOWN MainThread : Successfully imported extension module "markdown.extensions.abbr".
2020-10-19 15:42:04,807 DEBUG MARKDOWN MainThread : Successfully loaded extension "markdown.extensions.abbr.AbbrExtension".
2020-10-19 15:42:04,813 DEBUG MARKDOWN MainThread : Successfully imported extension module "markdown.extensions.attr_list".
2020-10-19 15:42:04,813 DEBUG MARKDOWN MainThread : Successfully loaded extension "markdown.extensions.attr_list.AttrListExtension".
2020-10-19 15:42:04,814 DEBUG MARKDOWN MainThread : Successfully imported extension module "markdown.extensions.def_list".
2020-10-19 15:42:04,814 DEBUG MARKDOWN MainThread : Successfully loaded extension "markdown.extensions.def_list.DefListExtension".
2020-10-19 15:42:04,816 DEBUG MARKDOWN MainThread : Successfully imported extension module "markdown.extensions.fenced_code".
2020-10-19 15:42:04,816 DEBUG MARKDOWN MainThread : Successfully loaded extension "markdown.extensions.fenced_code.FencedCodeExtension".
2020-10-19 15:42:04,817 DEBUG MARKDOWN MainThread : Successfully imported extension module "markdown.extensions.footnotes".
2020-10-19 15:42:04,817 DEBUG MARKDOWN MainThread : Successfully loaded extension "markdown.extensions.footnotes.FootnoteExtension".
2020-10-19 15:42:04,818 DEBUG MARKDOWN MainThread : Successfully imported extension module "markdown.extensions.tables".
2020-10-19 15:42:04,818 DEBUG MARKDOWN MainThread : Successfully loaded extension "markdown.extensions.tables.TableExtension".
2020-10-19 15:42:04,818 DEBUG MARKDOWN MainThread : Successfully imported extension module "markdown.extensions.admonition".
2020-10-19 15:42:04,819 DEBUG MARKDOWN MainThread : Successfully loaded extension "markdown.extensions.admonition.AdmonitionExtension".
2020-10-19 15:42:04,819 DEBUG MARKDOWN MainThread : Successfully imported extension module "markdown.extensions.smarty".
2020-10-19 15:42:04,819 DEBUG MARKDOWN MainThread : Successfully loaded extension "markdown.extensions.smarty.SmartyExtension".
2020-10-19 15:42:04,820 DEBUG MARKDOWN MainThread : Successfully imported extension module "markdown.extensions.toc".
2020-10-19 15:42:04,820 DEBUG MARKDOWN MainThread : Successfully loaded extension "markdown.extensions.toc.TocExtension".
2020-10-19 15:43:47,076 DEBUG MARKDOWN MainThread : Successfully imported extension module "markdown.extensions.abbr".
2020-10-19 15:43:47,076 DEBUG MARKDOWN MainThread : Successfully loaded extension "markdown.extensions.abbr.AbbrExtension".
2020-10-19 15:43:47,081 DEBUG MARKDOWN MainThread : Successfully imported extension module "markdown.extensions.attr_list".
2020-10-19 15:43:47,081 DEBUG MARKDOWN MainThread : Successfully loaded extension "markdown.extensions.attr_list.AttrListExtension".
2020-10-19 15:43:47,082 DEBUG MARKDOWN MainThread : Successfully imported extension module "markdown.extensions.def_list".
2020-10-19 15:43:47,082 DEBUG MARKDOWN MainThread : Successfully loaded extension "markdown.extensions.def_list.DefListExtension".
2020-10-19 15:43:47,084 DEBUG MARKDOWN MainThread : Successfully imported extension module "markdown.extensions.fenced_code".
2020-10-19 15:43:47,084 DEBUG MARKDOWN MainThread : Successfully loaded extension "markdown.extensions.fenced_code.FencedCodeExtension".
2020-10-19 15:43:47,085 DEBUG MARKDOWN MainThread : Successfully imported extension module "markdown.extensions.footnotes".
2020-10-19 15:43:47,085 DEBUG MARKDOWN MainThread : Successfully loaded extension "markdown.extensions.footnotes.FootnoteExtension".
2020-10-19 15:43:47,086 DEBUG MARKDOWN MainThread : Successfully imported extension module "markdown.extensions.tables".
2020-10-19 15:43:47,086 DEBUG MARKDOWN MainThread : Successfully loaded extension "markdown.extensions.tables.TableExtension".
2020-10-19 15:43:47,087 DEBUG MARKDOWN MainThread : Successfully imported extension module "markdown.extensions.admonition".
2020-10-19 15:43:47,087 DEBUG MARKDOWN MainThread : Successfully loaded extension "markdown.extensions.admonition.AdmonitionExtension".
2020-10-19 15:43:47,087 DEBUG MARKDOWN MainThread : Successfully imported extension module "markdown.extensions.smarty".
2020-10-19 15:43:47,088 DEBUG MARKDOWN MainThread : Successfully loaded extension "markdown.extensions.smarty.SmartyExtension".
2020-10-19 15:43:47,088 DEBUG MARKDOWN MainThread : Successfully imported extension module "markdown.extensions.toc".
2020-10-19 15:43:47,089 DEBUG MARKDOWN MainThread : Successfully loaded extension "markdown.extensions.toc.TocExtension".
2020-10-19 15:45:57,338 DEBUG MARKDOWN MainThread : Successfully imported extension module "markdown.extensions.abbr".
2020-10-19 15:45:57,338 DEBUG MARKDOWN MainThread : Successfully loaded extension "markdown.extensions.abbr.AbbrExtension".
2020-10-19 15:45:57,343 DEBUG MARKDOWN MainThread : Successfully imported extension module "markdown.extensions.attr_list".
2020-10-19 15:45:57,343 DEBUG MARKDOWN MainThread : Successfully loaded extension "markdown.extensions.attr_list.AttrListExtension".
2020-10-19 15:45:57,344 DEBUG MARKDOWN MainThread : Successfully imported extension module "markdown.extensions.def_list".
2020-10-19 15:45:57,344 DEBUG MARKDOWN MainThread : Successfully loaded extension "markdown.extensions.def_list.DefListExtension".
2020-10-19 15:45:57,346 DEBUG MARKDOWN MainThread : Successfully imported extension module "markdown.extensions.fenced_code".
2020-10-19 15:45:57,346 DEBUG MARKDOWN MainThread : Successfully loaded extension "markdown.extensions.fenced_code.FencedCodeExtension".
2020-10-19 15:45:57,347 DEBUG MARKDOWN MainThread : Successfully imported extension module "markdown.extensions.footnotes".
2020-10-19 15:45:57,347 DEBUG MARKDOWN MainThread : Successfully loaded extension "markdown.extensions.footnotes.FootnoteExtension".
2020-10-19 15:45:57,348 DEBUG MARKDOWN MainThread : Successfully imported extension module "markdown.extensions.tables".
2020-10-19 15:45:57,348 DEBUG MARKDOWN MainThread : Successfully loaded extension "markdown.extensions.tables.TableExtension".
2020-10-19 15:45:57,349 DEBUG MARKDOWN MainThread : Successfully imported extension module "markdown.extensions.admonition".
2020-10-19 15:45:57,349 DEBUG MARKDOWN MainThread : Successfully loaded extension "markdown.extensions.admonition.AdmonitionExtension".
2020-10-19 15:45:57,349 DEBUG MARKDOWN MainThread : Successfully imported extension module "markdown.extensions.smarty".
2020-10-19 15:45:57,350 DEBUG MARKDOWN MainThread : Successfully loaded extension "markdown.extensions.smarty.SmartyExtension".
2020-10-19 15:45:57,351 DEBUG MARKDOWN MainThread : Successfully imported extension module "markdown.extensions.toc".
2020-10-19 15:45:57,351 DEBUG MARKDOWN MainThread : Successfully loaded extension "markdown.extensions.toc.TocExtension".
2020-10-19 16:30:52,728 DEBUG MARKDOWN MainThread : Successfully imported extension module "markdown.extensions.abbr".
2020-10-19 16:30:52,729 DEBUG MARKDOWN MainThread : Successfully loaded extension "markdown.extensions.abbr.AbbrExtension".
2020-10-19 16:30:52,734 DEBUG MARKDOWN MainThread : Successfully imported extension module "markdown.extensions.attr_list".
2020-10-19 16:30:52,734 DEBUG MARKDOWN MainThread : Successfully loaded extension "markdown.extensions.attr_list.AttrListExtension".
2020-10-19 16:30:52,735 DEBUG MARKDOWN MainThread : Successfully imported extension module "markdown.extensions.def_list".
2020-10-19 16:30:52,735 DEBUG MARKDOWN MainThread : Successfully loaded extension "markdown.extensions.def_list.DefListExtension".
2020-10-19 16:30:52,737 DEBUG MARKDOWN MainThread : Successfully imported extension module "markdown.extensions.fenced_code".
2020-10-19 16:30:52,737 DEBUG MARKDOWN MainThread : Successfully loaded extension "markdown.extensions.fenced_code.FencedCodeExtension".
2020-10-19 16:30:52,738 DEBUG MARKDOWN MainThread : Successfully imported extension module "markdown.extensions.footnotes".
2020-10-19 16:30:52,738 DEBUG MARKDOWN MainThread : Successfully loaded extension "markdown.extensions.footnotes.FootnoteExtension".
2020-10-19 16:30:52,739 DEBUG MARKDOWN MainThread : Successfully imported extension module "markdown.extensions.tables".
2020-10-19 16:30:52,739 DEBUG MARKDOWN MainThread : Successfully loaded extension "markdown.extensions.tables.TableExtension".
2020-10-19 16:30:52,740 DEBUG MARKDOWN MainThread : Successfully imported extension module "markdown.extensions.admonition".
2020-10-19 16:30:52,740 DEBUG MARKDOWN MainThread : Successfully loaded extension "markdown.extensions.admonition.AdmonitionExtension".
2020-10-19 16:30:52,740 DEBUG MARKDOWN MainThread : Successfully imported extension module "markdown.extensions.smarty".
2020-10-19 16:30:52,741 DEBUG MARKDOWN MainThread : Successfully loaded extension "markdown.extensions.smarty.SmartyExtension".
2020-10-19 16:30:52,741 DEBUG MARKDOWN MainThread : Successfully imported extension module "markdown.extensions.toc".
2020-10-19 16:30:52,741 DEBUG MARKDOWN MainThread : Successfully loaded extension "markdown.extensions.toc.TocExtension".
2020-10-19 17:17:33,531 INFO werkzeug MainThread :  * Running on http://127.0.0.1:5000/ (Press CTRL+C to quit)
2020-10-19 17:17:33,533 INFO werkzeug MainThread :  * Restarting with stat
2020-10-19 17:20:37,088 DEBUG MARKDOWN MainThread : Successfully imported extension module "markdown.extensions.abbr".
2020-10-19 17:20:37,089 DEBUG MARKDOWN MainThread : Successfully loaded extension "markdown.extensions.abbr.AbbrExtension".
2020-10-19 17:20:37,094 DEBUG MARKDOWN MainThread : Successfully imported extension module "markdown.extensions.attr_list".
2020-10-19 17:20:37,094 DEBUG MARKDOWN MainThread : Successfully loaded extension "markdown.extensions.attr_list.AttrListExtension".
2020-10-19 17:20:37,094 DEBUG MARKDOWN MainThread : Successfully imported extension module "markdown.extensions.def_list".
2020-10-19 17:20:37,095 DEBUG MARKDOWN MainThread : Successfully loaded extension "markdown.extensions.def_list.DefListExtension".
2020-10-19 17:20:37,097 DEBUG MARKDOWN MainThread : Successfully imported extension module "markdown.extensions.fenced_code".
2020-10-19 17:20:37,097 DEBUG MARKDOWN MainThread : Successfully loaded extension "markdown.extensions.fenced_code.FencedCodeExtension".
2020-10-19 17:20:37,098 DEBUG MARKDOWN MainThread : Successfully imported extension module "markdown.extensions.footnotes".
2020-10-19 17:20:37,098 DEBUG MARKDOWN MainThread : Successfully loaded extension "markdown.extensions.footnotes.FootnoteExtension".
2020-10-19 17:20:37,099 DEBUG MARKDOWN MainThread : Successfully imported extension module "markdown.extensions.tables".
2020-10-19 17:20:37,099 DEBUG MARKDOWN MainThread : Successfully loaded extension "markdown.extensions.tables.TableExtension".
2020-10-19 17:20:37,099 DEBUG MARKDOWN MainThread : Successfully imported extension module "markdown.extensions.admonition".
2020-10-19 17:20:37,100 DEBUG MARKDOWN MainThread : Successfully loaded extension "markdown.extensions.admonition.AdmonitionExtension".
2020-10-19 17:20:37,100 DEBUG MARKDOWN MainThread : Successfully imported extension module "markdown.extensions.smarty".
2020-10-19 17:20:37,100 DEBUG MARKDOWN MainThread : Successfully loaded extension "markdown.extensions.smarty.SmartyExtension".
2020-10-19 17:20:37,101 DEBUG MARKDOWN MainThread : Successfully imported extension module "markdown.extensions.toc".
2020-10-19 17:20:37,101 DEBUG MARKDOWN MainThread : Successfully loaded extension "markdown.extensions.toc.TocExtension".
2020-10-19 17:21:08,553 DEBUG MARKDOWN MainThread : Successfully imported extension module "markdown.extensions.abbr".
2020-10-19 17:21:08,553 DEBUG MARKDOWN MainThread : Successfully loaded extension "markdown.extensions.abbr.AbbrExtension".
2020-10-19 17:21:08,559 DEBUG MARKDOWN MainThread : Successfully imported extension module "markdown.extensions.attr_list".
2020-10-19 17:21:08,559 DEBUG MARKDOWN MainThread : Successfully loaded extension "markdown.extensions.attr_list.AttrListExtension".
2020-10-19 17:21:08,559 DEBUG MARKDOWN MainThread : Successfully imported extension module "markdown.extensions.def_list".
2020-10-19 17:21:08,559 DEBUG MARKDOWN MainThread : Successfully loaded extension "markdown.extensions.def_list.DefListExtension".
2020-10-19 17:21:08,561 DEBUG MARKDOWN MainThread : Successfully imported extension module "markdown.extensions.fenced_code".
2020-10-19 17:21:08,561 DEBUG MARKDOWN MainThread : Successfully loaded extension "markdown.extensions.fenced_code.FencedCodeExtension".
2020-10-19 17:21:08,562 DEBUG MARKDOWN MainThread : Successfully imported extension module "markdown.extensions.footnotes".
2020-10-19 17:21:08,563 DEBUG MARKDOWN MainThread : Successfully loaded extension "markdown.extensions.footnotes.FootnoteExtension".
2020-10-19 17:21:08,563 DEBUG MARKDOWN MainThread : Successfully imported extension module "markdown.extensions.tables".
2020-10-19 17:21:08,563 DEBUG MARKDOWN MainThread : Successfully loaded extension "markdown.extensions.tables.TableExtension".
2020-10-19 17:21:08,564 DEBUG MARKDOWN MainThread : Successfully imported extension module "markdown.extensions.admonition".
2020-10-19 17:21:08,564 DEBUG MARKDOWN MainThread : Successfully loaded extension "markdown.extensions.admonition.AdmonitionExtension".
2020-10-19 17:21:08,565 DEBUG MARKDOWN MainThread : Successfully imported extension module "markdown.extensions.smarty".
2020-10-19 17:21:08,565 DEBUG MARKDOWN MainThread : Successfully loaded extension "markdown.extensions.smarty.SmartyExtension".
2020-10-19 17:21:08,566 DEBUG MARKDOWN MainThread : Successfully imported extension module "markdown.extensions.toc".
2020-10-19 17:21:08,566 DEBUG MARKDOWN MainThread : Successfully loaded extension "markdown.extensions.toc.TocExtension".
2020-10-19 17:21:58,531 DEBUG MARKDOWN MainThread : Successfully imported extension module "markdown.extensions.abbr".
2020-10-19 17:21:58,532 DEBUG MARKDOWN MainThread : Successfully loaded extension "markdown.extensions.abbr.AbbrExtension".
2020-10-19 17:21:58,537 DEBUG MARKDOWN MainThread : Successfully imported extension module "markdown.extensions.attr_list".
2020-10-19 17:21:58,537 DEBUG MARKDOWN MainThread : Successfully loaded extension "markdown.extensions.attr_list.AttrListExtension".
2020-10-19 17:21:58,537 DEBUG MARKDOWN MainThread : Successfully imported extension module "markdown.extensions.def_list".
2020-10-19 17:21:58,537 DEBUG MARKDOWN MainThread : Successfully loaded extension "markdown.extensions.def_list.DefListExtension".
2020-10-19 17:21:58,540 DEBUG MARKDOWN MainThread : Successfully imported extension module "markdown.extensions.fenced_code".
2020-10-19 17:21:58,540 DEBUG MARKDOWN MainThread : Successfully loaded extension "markdown.extensions.fenced_code.FencedCodeExtension".
2020-10-19 17:21:58,541 DEBUG MARKDOWN MainThread : Successfully imported extension module "markdown.extensions.footnotes".
2020-10-19 17:21:58,541 DEBUG MARKDOWN MainThread : Successfully loaded extension "markdown.extensions.footnotes.FootnoteExtension".
2020-10-19 17:21:58,542 DEBUG MARKDOWN MainThread : Successfully imported extension module "markdown.extensions.tables".
2020-10-19 17:21:58,542 DEBUG MARKDOWN MainThread : Successfully loaded extension "markdown.extensions.tables.TableExtension".
2020-10-19 17:21:58,542 DEBUG MARKDOWN MainThread : Successfully imported extension module "markdown.extensions.admonition".
2020-10-19 17:21:58,543 DEBUG MARKDOWN MainThread : Successfully loaded extension "markdown.extensions.admonition.AdmonitionExtension".
2020-10-19 17:21:58,543 DEBUG MARKDOWN MainThread : Successfully imported extension module "markdown.extensions.smarty".
2020-10-19 17:21:58,543 DEBUG MARKDOWN MainThread : Successfully loaded extension "markdown.extensions.smarty.SmartyExtension".
2020-10-19 17:21:58,544 DEBUG MARKDOWN MainThread : Successfully imported extension module "markdown.extensions.toc".
2020-10-19 17:21:58,544 DEBUG MARKDOWN MainThread : Successfully loaded extension "markdown.extensions.toc.TocExtension".
2020-10-22 11:06:03,446 INFO werkzeug MainThread :  * Running on http://127.0.0.1:5000/ (Press CTRL+C to quit)
2020-10-22 11:06:19,573 INFO werkzeug Thread-1 : 127.0.0.1 - - [22/Oct/2020 11:06:19] "[37mGET / HTTP/1.1[0m" 200 -
2020-10-22 11:06:19,666 INFO werkzeug Thread-2 : 127.0.0.1 - - [22/Oct/2020 11:06:19] "[37mGET /static/reset.css HTTP/1.1[0m" 200 -
2020-10-22 11:06:19,666 INFO werkzeug Thread-3 : 127.0.0.1 - - [22/Oct/2020 11:06:19] "[37mGET /static/danhu849/base.css HTTP/1.1[0m" 200 -
2020-10-22 11:06:19,781 INFO werkzeug Thread-4 : 127.0.0.1 - - [22/Oct/2020 11:06:19] "[37mGET /static/danhu849/pawel-czerwinski-ncgbTwIZhNU-unsplash.jpg HTTP/1.1[0m" 200 -
2020-10-22 11:06:19,781 INFO werkzeug Thread-5 : 127.0.0.1 - - [22/Oct/2020 11:06:19] "[37mGET /static/danhu849/pawel-czerwinski-ncgbTwIZhNU-unsplash_blur_bright.jpg HTTP/1.1[0m" 200 -
2020-10-22 11:06:19,794 INFO werkzeug Thread-6 : 127.0.0.1 - - [22/Oct/2020 11:06:19] "[37mGET /static/danhu849/pawel-czerwinski-ncgbTwIZhNU-unsplash_blur_dark.jpg HTTP/1.1[0m" 200 -
2020-10-22 11:06:19,799 INFO werkzeug Thread-7 : 127.0.0.1 - - [22/Oct/2020 11:06:19] "[37mGET /static/danhu849/Iosevka/ttf/iosevka-medium.ttf HTTP/1.1[0m" 200 -
2020-10-22 11:06:21,922 INFO werkzeug Thread-8 : 127.0.0.1 - - [22/Oct/2020 11:06:21] "[32mGET /list HTTP/1.1[0m" 308 -
2020-10-22 11:06:21,937 INFO werkzeug Thread-9 : 127.0.0.1 - - [22/Oct/2020 11:06:21] "[37mGET /list/ HTTP/1.1[0m" 200 -
2020-10-22 11:15:38,355 INFO werkzeug MainThread :  * Running on http://127.0.0.1:5000/ (Press CTRL+C to quit)
2020-10-22 11:15:41,856 INFO werkzeug Thread-1 : 127.0.0.1 - - [22/Oct/2020 11:15:41] "[37mGET /list/ HTTP/1.1[0m" 200 -
2020-10-22 11:15:51,336 INFO werkzeug Thread-2 : 127.0.0.1 - - [22/Oct/2020 11:15:51] "[37mGET /list/ HTTP/1.1[0m" 200 -
2020-10-22 11:29:29,994 INFO werkzeug MainThread :  * Running on http://127.0.0.1:5000/ (Press CTRL+C to quit)
2020-10-22 11:29:35,505 INFO werkzeug Thread-1 : 127.0.0.1 - - [22/Oct/2020 11:29:35] "[37mGET /list/ HTTP/1.1[0m" 200 -
2020-10-22 11:29:59,049 ERROR portfolio_app Thread-2 : Exception on /list/ [GET]
Traceback (most recent call last):
  File "/home/danhu849/.local/lib/python3.8/site-packages/flask/app.py", line 2447, in wsgi_app
    response = self.full_dispatch_request()
  File "/home/danhu849/.local/lib/python3.8/site-packages/flask/app.py", line 1952, in full_dispatch_request
    rv = self.handle_user_exception(e)
  File "/home/danhu849/.local/lib/python3.8/site-packages/flask/app.py", line 1821, in handle_user_exception
    reraise(exc_type, exc_value, tb)
  File "/home/danhu849/.local/lib/python3.8/site-packages/flask/_compat.py", line 39, in reraise
    raise value
  File "/home/danhu849/.local/lib/python3.8/site-packages/flask/app.py", line 1950, in full_dispatch_request
    rv = self.dispatch_request()
  File "/home/danhu849/.local/lib/python3.8/site-packages/flask/app.py", line 1936, in dispatch_request
    return self.view_functions[rule.endpoint](**req.view_args)
  File "/home/danhu849/tdp003/portfolio_app/portfolio_app/routes.py", line 59, in list
    found = jen_api.search(db, search=search_for, sort_by=sort_by,
  File "/home/danhu849/tdp003/portfolio_app/daniel_api.py", line 96, in search
    search_field_lc = str(project[search_field]).lower()
KeyError: 'new_search_field'
2020-10-22 11:29:59,053 INFO werkzeug Thread-2 : 127.0.0.1 - - [22/Oct/2020 11:29:59] "[35m[1mGET /list/?search+projects=new&sort_by=start_date&sort_order=asc&search_field=new_search_field HTTP/1.1[0m" 500 -
2020-10-22 11:30:10,211 ERROR portfolio_app Thread-3 : Exception on /list/ [GET]
Traceback (most recent call last):
  File "/home/danhu849/.local/lib/python3.8/site-packages/flask/app.py", line 2447, in wsgi_app
    response = self.full_dispatch_request()
  File "/home/danhu849/.local/lib/python3.8/site-packages/flask/app.py", line 1952, in full_dispatch_request
    rv = self.handle_user_exception(e)
  File "/home/danhu849/.local/lib/python3.8/site-packages/flask/app.py", line 1821, in handle_user_exception
    reraise(exc_type, exc_value, tb)
  File "/home/danhu849/.local/lib/python3.8/site-packages/flask/_compat.py", line 39, in reraise
    raise value
  File "/home/danhu849/.local/lib/python3.8/site-packages/flask/app.py", line 1950, in full_dispatch_request
    rv = self.dispatch_request()
  File "/home/danhu849/.local/lib/python3.8/site-packages/flask/app.py", line 1936, in dispatch_request
    return self.view_functions[rule.endpoint](**req.view_args)
  File "/home/danhu849/tdp003/portfolio_app/portfolio_app/routes.py", line 59, in list
    found = jen_api.search(db, search=search_for, sort_by=sort_by,
  File "/home/danhu849/tdp003/portfolio_app/daniel_api.py", line 96, in search
    search_field_lc = str(project[search_field]).lower()
KeyError: 'new_search_field'
2020-10-22 11:30:10,212 INFO werkzeug Thread-3 : 127.0.0.1 - - [22/Oct/2020 11:30:10] "[35m[1mGET /list/?search+projects=&sort_by=start_date&sort_order=asc&search_field=new_search_field HTTP/1.1[0m" 500 -
2020-10-22 11:37:12,224 INFO werkzeug MainThread :  * Running on http://127.0.0.1:5000/ (Press CTRL+C to quit)
2020-10-22 11:37:15,996 INFO werkzeug Thread-1 : 127.0.0.1 - - [22/Oct/2020 11:37:15] "[37mGET /list/ HTTP/1.1[0m" 200 -
2020-10-22 11:37:26,428 INFO werkzeug Thread-2 : 127.0.0.1 - - [22/Oct/2020 11:37:26] "[37mGET /list/?search+projects=&sort_by=start_date&sort_order=asc&search_field=new_search_field HTTP/1.1[0m" 200 -
2020-10-22 11:37:32,912 INFO werkzeug Thread-3 : 127.0.0.1 - - [22/Oct/2020 11:37:32] "[37mGET /list/?search+projects=s&sort_by=course_name&sort_order=asc&search_field=new_search_field HTTP/1.1[0m" 200 -
2020-10-22 11:37:39,711 INFO werkzeug Thread-4 : 127.0.0.1 - - [22/Oct/2020 11:37:39] "[37mGET /list/?search+projects=new&sort_by=course_name&sort_order=asc&search_field=new_search_field HTTP/1.1[0m" 200 -
2020-10-22 11:37:51,919 INFO werkzeug Thread-5 : 127.0.0.1 - - [22/Oct/2020 11:37:51] "[37mGET /list/?search+projects=new&sort_by=course_name&sort_order=asc&search_field=new_search_field HTTP/1.1[0m" 200 -
2020-10-22 11:37:53,629 INFO werkzeug Thread-6 : 127.0.0.1 - - [22/Oct/2020 11:37:53] "[37mGET /list/?search+projects=new&sort_by=course_name&sort_order=asc&search_field=group_size HTTP/1.1[0m" 200 -
2020-10-22 11:38:00,963 INFO werkzeug Thread-7 : 127.0.0.1 - - [22/Oct/2020 11:38:00] "[37mGET /list/?search+projects=&sort_by=course_name&sort_order=asc&search_field=new_search_field HTTP/1.1[0m" 200 -
2020-10-22 11:38:02,936 INFO werkzeug Thread-8 : 127.0.0.1 - - [22/Oct/2020 11:38:02] "[37mGET /list/?search+projects=&sort_by=course_name&sort_order=asc&search_field=course_name HTTP/1.1[0m" 200 -
2020-10-22 11:38:08,532 INFO werkzeug Thread-9 : 127.0.0.1 - - [22/Oct/2020 11:38:08] "[37mGET /list/?search+projects=sasf&sort_by=course_name&sort_order=asc&search_field=course_name&search_field=start_date HTTP/1.1[0m" 200 -
2020-10-22 11:38:12,814 INFO werkzeug Thread-10 : 127.0.0.1 - - [22/Oct/2020 11:38:12] "[37mGET /list/?search+projects=python&sort_by=course_name&sort_order=asc HTTP/1.1[0m" 200 -
2020-10-22 11:38:17,264 INFO werkzeug Thread-11 : 127.0.0.1 - - [22/Oct/2020 11:38:17] "[37mGET /list/?search+projects=python&sort_by=course_name&sort_order=asc&search_field=techniques_used HTTP/1.1[0m" 200 -
2020-10-22 11:40:29,218 INFO werkzeug MainThread :  * Running on http://127.0.0.1:5000/ (Press CTRL+C to quit)
2020-10-22 11:40:29,219 INFO werkzeug MainThread :  * Restarting with stat
2020-10-22 11:40:29,387 WARNING werkzeug MainThread :  * Debugger is active!
2020-10-22 11:40:29,456 INFO werkzeug MainThread :  * Debugger PIN: 190-601-290
2020-10-22 11:40:39,520 INFO werkzeug MainThread :  * Detected change in '/home/danhu849/tdp003/portfolio_app/daniel_api.py', reloading
2020-10-22 11:40:39,539 INFO werkzeug MainThread :  * Restarting with stat
2020-10-22 11:45:01,536 INFO werkzeug MainThread :  * Restarting with stat
2020-10-22 11:45:46,077 INFO werkzeug MainThread :  * Restarting with stat
2020-10-22 11:47:50,119 INFO werkzeug MainThread :  * Restarting with stat
2020-10-22 11:47:50,297 WARNING werkzeug MainThread :  * Debugger is active!
2020-10-22 11:47:50,298 INFO werkzeug MainThread :  * Debugger PIN: 190-601-290
2020-10-22 11:49:45,113 INFO werkzeug MainThread :  * Detected change in '/home/danhu849/tdp003/portfolio_app/daniel_api.py', reloading
2020-10-22 11:49:45,156 INFO werkzeug MainThread :  * Restarting with stat
2020-10-22 11:51:00,903 INFO werkzeug MainThread :  * Restarting with stat
2020-10-22 11:52:55,952 INFO werkzeug MainThread :  * Restarting with stat
2020-10-22 11:52:56,139 WARNING werkzeug MainThread :  * Debugger is active!
2020-10-22 11:52:56,141 INFO werkzeug MainThread :  * Debugger PIN: 190-601-290
2020-10-22 11:53:15,007 INFO werkzeug Thread-3 : 127.0.0.1 - - [22/Oct/2020 11:53:15] "[35m[1mGET /list/?search+projects=new&sort_by=long_description&sort_order=asc&search_field=new_search_field HTTP/1.1[0m" 500 -
2020-10-22 11:53:15,033 INFO werkzeug Thread-4 : 127.0.0.1 - - [22/Oct/2020 11:53:15] "[37mGET /list/?__debugger__=yes&cmd=resource&f=style.css HTTP/1.1[0m" 200 -
2020-10-22 11:53:15,035 INFO werkzeug Thread-5 : 127.0.0.1 - - [22/Oct/2020 11:53:15] "[37mGET /list/?__debugger__=yes&cmd=resource&f=jquery.js HTTP/1.1[0m" 200 -
2020-10-22 11:53:15,035 INFO werkzeug Thread-6 : 127.0.0.1 - - [22/Oct/2020 11:53:15] "[37mGET /list/?__debugger__=yes&cmd=resource&f=debugger.js HTTP/1.1[0m" 200 -
2020-10-22 11:53:15,163 INFO werkzeug Thread-7 : 127.0.0.1 - - [22/Oct/2020 11:53:15] "[37mGET /list/?__debugger__=yes&cmd=resource&f=console.png HTTP/1.1[0m" 200 -
2020-10-22 11:56:53,689 INFO werkzeug MainThread :  * Detected change in '/home/danhu849/tdp003/portfolio_app/daniel_api.py', reloading
2020-10-22 11:56:53,720 INFO werkzeug MainThread :  * Restarting with stat
2020-10-22 11:56:53,892 WARNING werkzeug MainThread :  * Debugger is active!
2020-10-22 11:56:53,892 INFO werkzeug MainThread :  * Debugger PIN: 190-601-290
2020-10-22 11:58:16,467 INFO werkzeug MainThread :  * Detected change in '/home/danhu849/tdp003/portfolio_app/daniel_api.py', reloading
2020-10-22 11:58:16,486 INFO werkzeug MainThread :  * Restarting with stat
2020-10-22 11:58:16,661 WARNING werkzeug MainThread :  * Debugger is active!
2020-10-22 11:58:16,661 INFO werkzeug MainThread :  * Debugger PIN: 190-601-290
2020-10-22 11:58:47,882 INFO werkzeug MainThread :  * Detected change in '/home/danhu849/tdp003/portfolio_app/daniel_api.py', reloading
2020-10-22 11:58:47,900 INFO werkzeug MainThread :  * Restarting with stat
2020-10-22 12:00:15,736 INFO werkzeug MainThread :  * Restarting with stat
2020-10-22 12:00:15,909 WARNING werkzeug MainThread :  * Debugger is active!
2020-10-22 12:00:15,909 INFO werkzeug MainThread :  * Debugger PIN: 190-601-290
2020-10-22 12:01:06,286 INFO werkzeug MainThread :  * Detected change in '/home/danhu849/tdp003/portfolio_app/daniel_api.py', reloading
2020-10-22 12:01:06,328 INFO werkzeug MainThread :  * Restarting with stat
2020-10-22 12:03:41,630 INFO werkzeug MainThread :  * Restarting with stat
2020-10-22 12:03:41,800 WARNING werkzeug MainThread :  * Debugger is active!
2020-10-22 12:03:41,800 INFO werkzeug MainThread :  * Debugger PIN: 190-601-290
2020-10-22 12:04:50,332 INFO werkzeug MainThread :  * Detected change in '/home/danhu849/tdp003/portfolio_app/daniel_api.py', reloading
2020-10-22 12:04:50,377 INFO werkzeug MainThread :  * Restarting with stat
2020-10-22 12:09:06,323 INFO werkzeug MainThread :  * Restarting with stat
2020-10-22 12:09:34,751 INFO werkzeug MainThread :  * Restarting with stat
2020-10-22 12:11:30,809 INFO werkzeug MainThread :  * Restarting with stat
2020-10-22 12:11:30,980 WARNING werkzeug MainThread :  * Debugger is active!
2020-10-22 12:11:30,981 INFO werkzeug MainThread :  * Debugger PIN: 190-601-290
2020-10-22 12:12:10,279 INFO werkzeug MainThread :  * Detected change in '/home/danhu849/tdp003/portfolio_app/daniel_api.py', reloading
2020-10-22 12:12:10,323 INFO werkzeug MainThread :  * Restarting with stat
2020-10-22 12:12:10,499 WARNING werkzeug MainThread :  * Debugger is active!
2020-10-22 12:12:10,499 INFO werkzeug MainThread :  * Debugger PIN: 190-601-290
2020-10-22 12:12:31,555 INFO werkzeug Thread-3 : 127.0.0.1 - - [22/Oct/2020 12:12:31] "[37mGET / HTTP/1.1[0m" 200 -
2020-10-22 12:12:33,618 INFO werkzeug Thread-4 : 127.0.0.1 - - [22/Oct/2020 12:12:33] "[37mGET /list/ HTTP/1.1[0m" 200 -
2020-10-22 12:12:56,809 INFO werkzeug MainThread :  * Detected change in '/home/danhu849/tdp003/portfolio_app/daniel_api.py', reloading
2020-10-22 12:12:56,854 INFO werkzeug MainThread :  * Restarting with stat
2020-10-22 12:12:57,028 WARNING werkzeug MainThread :  * Debugger is active!
2020-10-22 12:12:57,030 INFO werkzeug MainThread :  * Debugger PIN: 190-601-290
2020-10-22 12:13:23,218 INFO werkzeug MainThread :  * Detected change in '/home/danhu849/tdp003/portfolio_app/daniel_api.py', reloading
2020-10-22 12:13:23,260 INFO werkzeug MainThread :  * Restarting with stat
2020-10-22 12:13:23,434 WARNING werkzeug MainThread :  * Debugger is active!
2020-10-22 12:13:23,435 INFO werkzeug MainThread :  * Debugger PIN: 190-601-290
2020-10-22 12:13:33,517 INFO werkzeug MainThread :  * Detected change in '/home/danhu849/tdp003/portfolio_app/daniel_api.py', reloading
2020-10-22 12:13:33,535 INFO werkzeug MainThread :  * Restarting with stat
2020-10-22 12:13:33,703 WARNING werkzeug MainThread :  * Debugger is active!
2020-10-22 12:13:33,703 INFO werkzeug MainThread :  * Debugger PIN: 190-601-290
2020-10-22 12:14:58,291 INFO werkzeug MainThread :  * Detected change in '/home/danhu849/tdp003/portfolio_app/daniel_api.py', reloading
2020-10-22 12:14:58,333 INFO werkzeug MainThread :  * Restarting with stat
2020-10-22 12:14:58,502 WARNING werkzeug MainThread :  * Debugger is active!
2020-10-22 12:14:58,502 INFO werkzeug MainThread :  * Debugger PIN: 190-601-290
2020-10-22 12:16:02,974 INFO werkzeug MainThread :  * Detected change in '/home/danhu849/tdp003/portfolio_app/daniel_api.py', reloading
2020-10-22 12:16:03,018 INFO werkzeug MainThread :  * Restarting with stat
2020-10-22 12:16:39,476 INFO werkzeug MainThread :  * Restarting with stat
2020-10-22 12:16:55,795 INFO werkzeug MainThread :  * Restarting with stat
2020-10-22 12:16:55,964 WARNING werkzeug MainThread :  * Debugger is active!
2020-10-22 12:16:55,964 INFO werkzeug MainThread :  * Debugger PIN: 190-601-290
2020-10-22 12:18:06,425 INFO werkzeug MainThread :  * Detected change in '/home/danhu849/tdp003/portfolio_app/daniel_api.py', reloading
2020-10-22 12:18:06,463 INFO werkzeug MainThread :  * Restarting with stat
2020-10-22 12:33:45,914 INFO werkzeug MainThread :  * Restarting with stat
2020-10-22 12:33:46,086 WARNING werkzeug MainThread :  * Debugger is active!
2020-10-22 12:33:46,088 INFO werkzeug MainThread :  * Debugger PIN: 190-601-290
2020-10-22 12:34:26,389 INFO werkzeug MainThread :  * Detected change in '/home/danhu849/tdp003/portfolio_app/daniel_api.py', reloading
2020-10-22 12:34:26,424 INFO werkzeug MainThread :  * Restarting with stat
2020-10-22 12:34:43,770 INFO werkzeug MainThread :  * Restarting with stat
2020-10-22 12:34:43,951 WARNING werkzeug MainThread :  * Debugger is active!
2020-10-22 12:34:43,951 INFO werkzeug MainThread :  * Debugger PIN: 190-601-290
2020-10-22 12:37:52,292 INFO werkzeug MainThread :  * Detected change in '/home/danhu849/tdp003/portfolio_app/daniel_api.py', reloading
2020-10-22 12:37:52,333 INFO werkzeug MainThread :  * Restarting with stat
2020-10-22 12:37:52,505 WARNING werkzeug MainThread :  * Debugger is active!
2020-10-22 12:37:52,505 INFO werkzeug MainThread :  * Debugger PIN: 190-601-290
2020-10-22 12:42:07,768 INFO werkzeug Thread-3 : 127.0.0.1 - - [22/Oct/2020 12:42:07] "[37mGET /list/ HTTP/1.1[0m" 200 -
2020-10-22 12:42:15,773 INFO werkzeug Thread-4 : 127.0.0.1 - - [22/Oct/2020 12:42:15] "[37mGET /list/?search+projects=new&sort_by=project_name&sort_order=asc&search_field=new_search_field HTTP/1.1[0m" 200 -
2020-10-22 12:42:23,049 INFO werkzeug Thread-5 : 127.0.0.1 - - [22/Oct/2020 12:42:23] "[37mGET /list/?search+projects=&sort_by=techniques_used&sort_order=asc HTTP/1.1[0m" 200 -
2020-10-22 12:42:25,724 INFO werkzeug Thread-6 : 127.0.0.1 - - [22/Oct/2020 12:42:25] "[37mGET /list/?search+projects=&sort_by=techniques_used&sort_order=asc&search_field=new_search_field HTTP/1.1[0m" 200 -
2020-10-22 12:42:28,076 INFO werkzeug Thread-7 : 127.0.0.1 - - [22/Oct/2020 12:42:28] "[37mGET /list/?search+projects=&sort_by=techniques_used&sort_order=asc&search_field=short_description&search_field=project_name HTTP/1.1[0m" 200 -
2020-10-22 12:42:33,301 INFO werkzeug Thread-8 : 127.0.0.1 - - [22/Oct/2020 12:42:33] "[37mGET /list/?search+projects=&sort_by=techniques_used&sort_order=asc&search_field=new_search_field HTTP/1.1[0m" 200 -
2020-10-22 12:42:39,153 INFO werkzeug Thread-9 : 127.0.0.1 - - [22/Oct/2020 12:42:39] "[37mGET /list/?search+projects=5&sort_by=techniques_used&sort_order=asc&search_field=project_id HTTP/1.1[0m" 200 -
2020-10-22 12:42:43,632 INFO werkzeug Thread-10 : 127.0.0.1 - - [22/Oct/2020 12:42:43] "[32mGET /project/5 HTTP/1.1[0m" 308 -
2020-10-22 12:42:43,650 INFO werkzeug Thread-11 : 127.0.0.1 - - [22/Oct/2020 12:42:43] "[37mGET /project/5/ HTTP/1.1[0m" 200 -
2020-10-22 12:42:48,178 INFO werkzeug Thread-12 : 127.0.0.1 - - [22/Oct/2020 12:42:48] "[37mGET /project/2/ HTTP/1.1[0m" 200 -
2020-10-22 12:42:52,425 INFO werkzeug Thread-13 : 127.0.0.1 - - [22/Oct/2020 12:42:52] "[37mGET /list/ HTTP/1.1[0m" 200 -
2020-10-22 12:45:07,171 INFO werkzeug Thread-14 : 127.0.0.1 - - [22/Oct/2020 12:45:07] "[37mGET /list/?search+projects=&sort_by=techniques_used&sort_order=asc&search_field=new_search_field HTTP/1.1[0m" 200 -
2020-10-22 12:45:14,409 INFO werkzeug Thread-15 : 127.0.0.1 - - [22/Oct/2020 12:45:14] "[37mGET /list/?search+projects=&sort_by=techniques_used&sort_order=asc&search_field=lKAsm32105,saöl HTTP/1.1[0m" 200 -
2020-10-22 12:45:22,466 INFO werkzeug Thread-16 : 127.0.0.1 - - [22/Oct/2020 12:45:22] "[37mGET /list/?search+projects=asfsfa&sort_by=techniques_used&sort_order=asc HTTP/1.1[0m" 200 -
2020-10-22 12:45:27,130 INFO werkzeug Thread-17 : 127.0.0.1 - - [22/Oct/2020 12:45:27] "[37mGET /list/?search+projects=asfsfa&sort_by=techniques_used&sort_order=asc&search_field=big_image&search_field=new_search_field HTTP/1.1[0m" 200 -
2020-10-22 12:45:38,323 INFO werkzeug Thread-18 : 127.0.0.1 - - [22/Oct/2020 12:45:38] "[37mGET /list/?search+projects=e&sort_by=techniques_used&sort_order=asc&search_field=techniques_used&search_field=big_image&search_field=new_search_field&search_field=long_description&search_field=external_link&search_field=course_id&search_field=academic_credits&search_field=project_id&search_field=start_date&search_field=small_image&search_field=short_description&search_field=lulz_had&search_field=group_size&search_field=course_name&search_field=project_name&search_field=end_date HTTP/1.1[0m" 200 -
2020-10-22 12:45:52,655 INFO werkzeug Thread-19 : 127.0.0.1 - - [22/Oct/2020 12:45:52] "[37mGET /list/?search+projects=e&sort_by=techniques_used&sort_order=asc&search_field=techniques_used&search_field=big_image&search_field=long_description&search_field=external_link&search_field=course_id&search_field=academic_credits&search_field=project_id&search_field=start_date&search_field=small_image&search_field=short_description&search_field=lulz_had&search_field=group_size&search_field=course_name&search_field=project_name&search_field=end_date HTTP/1.1[0m" 200 -
